This file contains any messages produced by compilers while
running configure, to aid debugging if configure makes a mistake.

It was created by libass configure 0.17.4, which was
generated by GNU Autoconf 2.72.  Invocation command line was

  $ ./configure --enable-libunibreak

## --------- ##
## Platform. ##
## --------- ##

hostname = buildkitsandbox
uname -m = x86_64
uname -r = 6.6.87.2-microsoft-standard-WSL2
uname -s = Linux
uname -v = #1 SMP PREEMPT_DYNAMIC Thu Jun  5 18:30:46 UTC 2025

/usr/bin/uname -p = unknown
/bin/uname -X     = unknown

/bin/arch              = x86_64
/usr/bin/arch -k       = unknown
/usr/convex/getsysinfo = unknown
/usr/bin/hostinfo      = unknown
/bin/machine           = unknown
/usr/bin/oslevel       = unknown
/bin/universe          = unknown

PATH: /usr/local/bin/
PATH: /usr/local/sbin/
PATH: /usr/local/bin/
PATH: /usr/sbin/
PATH: /usr/bin/
PATH: /sbin/
PATH: /bin/


## ----------- ##
## Core tests. ##
## ----------- ##

configure:2570: looking for aux files: compile ltmain.sh config.guess config.sub missing install-sh
configure:2583:  trying ./
configure:2612:   ./compile found
configure:2612:   ./ltmain.sh found
configure:2612:   ./config.guess found
configure:2612:   ./config.sub found
configure:2612:   ./missing found
configure:2594:   ./install-sh found
configure:2742: checking for a BSD-compatible install
configure:2816: result: /usr/bin/install -c
configure:2827: checking whether sleep supports fractional seconds
configure:2843: result: yes
configure:2846: checking filesystem timestamp resolution
configure:2981: result: 0.01
configure:2986: checking whether build environment is sane
configure:3027: result: yes
configure:3198: checking for a race-free mkdir -p
configure:3241: result: /usr/bin/mkdir -p
configure:3248: checking for gawk
configure:3284: result: no
configure:3248: checking for mawk
configure:3269: found /usr/bin/mawk
configure:3281: result: mawk
configure:3292: checking whether make sets $(MAKE)
configure:3316: result: yes
configure:3342: checking whether make supports nested variables
configure:3361: result: yes
configure:3375: checking xargs -n works
configure:3391: result: yes
configure:3499: checking build system type
configure:3515: result: x86_64-pc-linux-gnu
configure:3535: checking host system type
configure:3550: result: x86_64-pc-linux-gnu
configure:3618: checking how to print strings
configure:3645: result: printf
configure:3679: checking whether make supports the include directive
configure:3694: make -f confmf.GNU && cat confinc.out
this is the am__doit target
configure:3697: $? = 0
configure:3716: result: yes (GNU style)
configure:3793: checking for gcc
configure:3814: found /usr/bin/gcc
configure:3826: result: gcc
configure:4185: checking for C compiler version
configure:4194: gcc --version >&5
gcc (Debian 14.2.0-19) 14.2.0
Copyright (C) 2024 Free Software Foundation, Inc.
This is free software; see the source for copying conditions.  There is NO
warranty; not even for MERCHANTABILITY or FITNESS FOR A PARTICULAR PURPOSE.

configure:4205: $? = 0
configure:4194: gcc -v >&5
Using built-in specs.
COLLECT_GCC=gcc
COLLECT_LTO_WRAPPER=/usr/libexec/gcc/x86_64-linux-gnu/14/lto-wrapper
OFFLOAD_TARGET_NAMES=nvptx-none:amdgcn-amdhsa
OFFLOAD_TARGET_DEFAULT=1
Target: x86_64-linux-gnu
Configured with: ../src/configure -v --with-pkgversion='Debian 14.2.0-19' --with-bugurl=file:///usr/share/doc/gcc-14/README.Bugs --enable-languages=c,ada,c++,go,d,fortran,objc,obj-c++,m2,rust --prefix=/usr --with-gcc-major-version-only --program-suffix=-14 --program-prefix=x86_64-linux-gnu- --enable-shared --enable-linker-build-id --libexecdir=/usr/libexec --without-included-gettext --enable-threads=posix --libdir=/usr/lib --enable-nls --enable-bootstrap --enable-clocale=gnu --enable-libstdcxx-debug --enable-libstdcxx-time=yes --with-default-libstdcxx-abi=new --enable-libstdcxx-backtrace --enable-gnu-unique-object --disable-vtable-verify --enable-plugin --enable-default-pie --with-system-zlib --enable-libphobos-checking=release --with-target-system-zlib=auto --enable-objc-gc=auto --enable-multiarch --disable-werror --enable-cet --with-arch-32=i686 --with-abi=m64 --with-multilib-list=m32,m64,mx32 --enable-multilib --with-tune=generic --enable-offload-targets=nvptx-none=/build/reproducible-path/gcc-14-14.2.0/debian/tmp-nvptx/usr,amdgcn-amdhsa=/build/reproducible-path/gcc-14-14.2.0/debian/tmp-gcn/usr --enable-offload-defaulted --without-cuda-driver --enable-checking=release --build=x86_64-linux-gnu --host=x86_64-linux-gnu --target=x86_64-linux-gnu --with-build-config=bootstrap-lto-lean --enable-link-serialization=3
Thread model: posix
Supported LTO compression algorithms: zlib zstd
gcc version 14.2.0 (Debian 14.2.0-19) 
... rest of stderr output deleted ...
configure:4205: $? = 0
configure:4194: gcc -V >&5
gcc: error: unrecognized command-line option '-V'
gcc: fatal error: no input files
compilation terminated.
configure:4205: $? = 1
configure:4194: gcc -qversion >&5
gcc: error: unrecognized command-line option '-qversion'; did you mean '--version'?
gcc: fatal error: no input files
compilation terminated.
configure:4205: $? = 1
configure:4194: gcc -version >&5
gcc: error: unrecognized command-line option '-version'
gcc: fatal error: no input files
compilation terminated.
configure:4205: $? = 1
configure:4225: checking whether the C compiler works
configure:4247: gcc    conftest.c  >&5
configure:4251: $? = 0
configure:4302: result: yes
configure:4306: checking for C compiler default output file name
configure:4308: result: a.out
configure:4314: checking for suffix of executables
configure:4321: gcc -o conftest    conftest.c  >&5
configure:4325: $? = 0
configure:4349: result: 
configure:4373: checking whether we are cross compiling
configure:4381: gcc -o conftest    conftest.c  >&5
configure:4385: $? = 0
configure:4392: ./conftest
configure:4396: $? = 0
configure:4411: result: no
configure:4417: checking for suffix of object files
configure:4440: gcc -c   conftest.c >&5
configure:4444: $? = 0
configure:4468: result: o
configure:4472: checking whether the compiler supports GNU C
configure:4492: gcc -c   conftest.c >&5
configure:4492: $? = 0
configure:4504: result: yes
configure:4515: checking whether gcc accepts -g
configure:4536: gcc -c -g  conftest.c >&5
configure:4536: $? = 0
configure:4583: result: yes
configure:4603: checking for gcc option to enable C11 features
configure:4618: gcc  -c -g -O2  conftest.c >&5
configure:4618: $? = 0
configure:4637: result: none needed
configure:4761: checking whether gcc understands -c and -o together
configure:4784: gcc -c conftest.c -o conftest2.o
configure:4787: $? = 0
configure:4784: gcc -c conftest.c -o conftest2.o
configure:4787: $? = 0
configure:4800: result: yes
configure:4819: checking dependency style of gcc
configure:4932: result: gcc3
configure:4947: checking for a sed that does not truncate output
configure:5019: result: /usr/bin/sed
configure:5037: checking for grep that handles long lines and -e
configure:5103: result: /usr/bin/grep
configure:5108: checking for egrep
configure:5178: result: /usr/bin/grep -E
configure:5185: checking for fgrep
configure:5255: result: /usr/bin/grep -F
configure:5292: checking for ld used by gcc
configure:5361: result: /usr/bin/ld
configure:5368: checking if the linker (/usr/bin/ld) is GNU ld
configure:5385: result: yes
configure:5397: checking for BSD- or MS-compatible name lister (nm)
configure:5453: result: /usr/bin/nm -B
configure:5595: checking the name lister (/usr/bin/nm -B) interface
configure:5603: gcc -c -g -O2  conftest.c >&5
configure:5606: /usr/bin/nm -B "conftest.o"
configure:5609: output
0000000000000000 B some_variable
configure:5617: result: BSD nm
configure:5620: checking whether ln -s works
configure:5624: result: yes
configure:5632: checking the maximum length of command line arguments
configure:5765: result: 1572864
configure:5813: checking how to convert x86_64-pc-linux-gnu file names to x86_64-pc-linux-gnu format
configure:5855: result: func_convert_file_noop
configure:5862: checking how to convert x86_64-pc-linux-gnu file names to toolchain format
configure:5884: result: func_convert_file_noop
configure:5891: checking for /usr/bin/ld option to reload object files
configure:5900: result: -r
configure:5933: checking for file
configure:5954: found /usr/bin/file
configure:5967: result: file
configure:6030: checking for objdump
configure:6051: found /usr/bin/objdump
configure:6063: result: objdump
configure:6095: checking how to recognize dependent libraries
configure:6304: result: pass_all
configure:6395: checking for dlltool
configure:6431: result: no
configure:6461: checking how to associate runtime and link libraries
configure:6490: result: printf %s\n
configure:6551: checking for ranlib
configure:6572: found /usr/bin/ranlib
configure:6584: result: ranlib
configure:6661: checking for ar
configure:6682: found /usr/bin/ar
configure:6694: result: ar
configure:6747: checking for archiver @FILE support
configure:6765: gcc -c -g -O2  conftest.c >&5
configure:6765: $? = 0
configure:6769: ar cr libconftest.a @conftest.lst >&5
configure:6772: $? = 0
configure:6777: ar cr libconftest.a @conftest.lst >&5
ar: conftest.o: No such file or directory
configure:6780: $? = 1
configure:6793: result: @
configure:6857: checking for strip
configure:6878: found /usr/bin/strip
configure:6890: result: strip
configure:6993: checking command to parse /usr/bin/nm -B output from gcc object
configure:7147: gcc -c -g -O2  conftest.c >&5
configure:7150: $? = 0
configure:7154: /usr/bin/nm -B conftest.o | /usr/bin/sed -n -e 's/^.*[	 ]\([ABCDGIRSTW][ABCDGIRSTW]*\)[	 ][	 ]*\([_A-Za-z][_A-Za-z0-9]*\)$/\1 \2 \2/p' | /usr/bin/sed '/ __gnu_lto/d' > conftest.nm
configure:7220: gcc -o conftest -g -O2   conftest.c conftstm.o >&5
configure:7223: $? = 0
configure:7262: result: ok
configure:7309: checking for sysroot
configure:7343: result: no
configure:7350: checking for a working dd
configure:7395: result: /usr/bin/dd
configure:7399: checking how to truncate binary pipes
configure:7416: result: /usr/bin/dd bs=4096 count=1
configure:7553: gcc -c -g -O2  conftest.c >&5
configure:7556: $? = 0
configure:7756: checking for mt
configure:7792: result: no
configure:7812: checking if : is a manifest tool
configure:7819: : '-?'
configure:7828: result: no
configure:8625: checking for stdio.h
configure:8625: gcc -c -g -O2  conftest.c >&5
configure:8625: $? = 0
configure:8625: result: yes
configure:8625: checking for stdlib.h
configure:8625: gcc -c -g -O2  conftest.c >&5
configure:8625: $? = 0
configure:8625: result: yes
configure:8625: checking for string.h
configure:8625: gcc -c -g -O2  conftest.c >&5
configure:8625: $? = 0
configure:8625: result: yes
configure:8625: checking for inttypes.h
configure:8625: gcc -c -g -O2  conftest.c >&5
configure:8625: $? = 0
configure:8625: result: yes
configure:8625: checking for stdint.h
configure:8625: gcc -c -g -O2  conftest.c >&5
configure:8625: $? = 0
configure:8625: result: yes
configure:8625: checking for strings.h
configure:8625: gcc -c -g -O2  conftest.c >&5
configure:8625: $? = 0
configure:8625: result: yes
configure:8625: checking for sys/stat.h
configure:8625: gcc -c -g -O2  conftest.c >&5
configure:8625: $? = 0
configure:8625: result: yes
configure:8625: checking for sys/types.h
configure:8625: gcc -c -g -O2  conftest.c >&5
configure:8625: $? = 0
configure:8625: result: yes
configure:8625: checking for unistd.h
configure:8625: gcc -c -g -O2  conftest.c >&5
configure:8625: $? = 0
configure:8625: result: yes
configure:8625: checking for iconv.h
configure:8625: gcc -c -g -O2  conftest.c >&5
configure:8625: $? = 0
configure:8625: result: yes
configure:8650: checking for dlfcn.h
configure:8650: gcc -c -g -O2  conftest.c >&5
configure:8650: $? = 0
configure:8650: result: yes
configure:8953: checking for objdir
configure:8970: result: .libs
configure:9236: checking if gcc supports -fno-rtti -fno-exceptions
configure:9255: gcc -c -g -O2  -fno-rtti -fno-exceptions conftest.c >&5
cc1: warning: command-line option '-fno-rtti' is valid for C++/D/ObjC++ but not for C
configure:9259: $? = 0
configure:9273: result: no
configure:9652: checking for gcc option to produce PIC
configure:9661: result: -fPIC -DPIC
configure:9669: checking if gcc PIC flag -fPIC -DPIC works
configure:9688: gcc -c -g -O2  -fPIC -DPIC -DPIC conftest.c >&5
configure:9692: $? = 0
configure:9706: result: yes
configure:9735: checking if gcc static flag -static works
configure:9765: result: yes
configure:9780: checking if gcc supports -c -o file.o
configure:9802: gcc -c -g -O2  -o out/conftest2.o conftest.c >&5
configure:9806: $? = 0
configure:9829: result: yes
configure:9837: checking if gcc supports -c -o file.o
configure:9886: result: yes
configure:9919: checking whether the gcc linker (/usr/bin/ld -m elf_x86_64) supports shared libraries
configure:11207: result: yes
configure:11244: checking whether -lc should be explicitly linked in
configure:11253: gcc -c -g -O2  conftest.c >&5
configure:11256: $? = 0
configure:11271: gcc -shared  -fPIC -DPIC conftest.o  -v -Wl,-soname -Wl,conftest -o conftest 2\>\&1 \| /usr/bin/grep  -lc  \>/dev/null 2\>\&1
configure:11274: $? = 0
configure:11289: result: no
configure:11449: checking dynamic linker characteristics
configure:12068: gcc -o conftest -g -O2   -Wl,-rpath -Wl,/foo conftest.c  >&5
configure:12068: $? = 0
configure:12851: result: GNU/Linux ld.so
configure:12973: checking how to hardcode library paths into programs
configure:12998: result: immediate
configure:13598: checking whether stripping libraries is possible
configure:13607: result: yes
configure:13649: checking if libtool supports shared libraries
configure:13651: result: yes
configure:13654: checking whether to build shared libraries
configure:13679: result: yes
configure:13682: checking whether to build static libraries
configure:13686: result: yes
configure:13779: checking for gcc
configure:13812: result: gcc
configure:14171: checking for C compiler version
configure:14180: gcc --version >&5
gcc (Debian 14.2.0-19) 14.2.0
Copyright (C) 2024 Free Software Foundation, Inc.
This is free software; see the source for copying conditions.  There is NO
warranty; not even for MERCHANTABILITY or FITNESS FOR A PARTICULAR PURPOSE.

configure:14191: $? = 0
configure:14180: gcc -v >&5
Using built-in specs.
COLLECT_GCC=gcc
COLLECT_LTO_WRAPPER=/usr/libexec/gcc/x86_64-linux-gnu/14/lto-wrapper
OFFLOAD_TARGET_NAMES=nvptx-none:amdgcn-amdhsa
OFFLOAD_TARGET_DEFAULT=1
Target: x86_64-linux-gnu
Configured with: ../src/configure -v --with-pkgversion='Debian 14.2.0-19' --with-bugurl=file:///usr/share/doc/gcc-14/README.Bugs --enable-languages=c,ada,c++,go,d,fortran,objc,obj-c++,m2,rust --prefix=/usr --with-gcc-major-version-only --program-suffix=-14 --program-prefix=x86_64-linux-gnu- --enable-shared --enable-linker-build-id --libexecdir=/usr/libexec --without-included-gettext --enable-threads=posix --libdir=/usr/lib --enable-nls --enable-bootstrap --enable-clocale=gnu --enable-libstdcxx-debug --enable-libstdcxx-time=yes --with-default-libstdcxx-abi=new --enable-libstdcxx-backtrace --enable-gnu-unique-object --disable-vtable-verify --enable-plugin --enable-default-pie --with-system-zlib --enable-libphobos-checking=release --with-target-system-zlib=auto --enable-objc-gc=auto --enable-multiarch --disable-werror --enable-cet --with-arch-32=i686 --with-abi=m64 --with-multilib-list=m32,m64,mx32 --enable-multilib --with-tune=generic --enable-offload-targets=nvptx-none=/build/reproducible-path/gcc-14-14.2.0/debian/tmp-nvptx/usr,amdgcn-amdhsa=/build/reproducible-path/gcc-14-14.2.0/debian/tmp-gcn/usr --enable-offload-defaulted --without-cuda-driver --enable-checking=release --build=x86_64-linux-gnu --host=x86_64-linux-gnu --target=x86_64-linux-gnu --with-build-config=bootstrap-lto-lean --enable-link-serialization=3
Thread model: posix
Supported LTO compression algorithms: zlib zstd
gcc version 14.2.0 (Debian 14.2.0-19) 
... rest of stderr output deleted ...
configure:14191: $? = 0
configure:14180: gcc -V >&5
gcc: error: unrecognized command-line option '-V'
gcc: fatal error: no input files
compilation terminated.
configure:14191: $? = 1
configure:14180: gcc -qversion >&5
gcc: error: unrecognized command-line option '-qversion'; did you mean '--version'?
gcc: fatal error: no input files
compilation terminated.
configure:14191: $? = 1
configure:14180: gcc -version >&5
gcc: error: unrecognized command-line option '-version'
gcc: fatal error: no input files
compilation terminated.
configure:14191: $? = 1
configure:14195: checking whether the compiler supports GNU C
configure:14227: result: yes
configure:14238: checking whether gcc accepts -g
configure:14306: result: yes
configure:14326: checking for gcc option to enable C11 features
configure:14360: result: none needed
configure:14484: checking whether gcc understands -c and -o together
configure:14523: result: yes
configure:14542: checking dependency style of gcc
configure:14655: result: gcc3
configure:14680: checking dependency style of gcc
configure:14791: result: gcc3
configure:14812: checking for strdup
configure:14812: gcc -o conftest -g -O2   conftest.c  >&5
conftest.c:40:6: warning: conflicting types for built-in function 'strdup'; expected 'char *(const char *)' [-Wbuiltin-declaration-mismatch]
   40 | char strdup (void);
      |      ^~~~~~
configure:14812: $? = 0
configure:14812: result: yes
configure:14818: checking for strndup
configure:14818: gcc -o conftest -g -O2   conftest.c  >&5
conftest.c:41:6: warning: conflicting types for built-in function 'strndup'; expected 'char *(const char *, long unsigned int)' [-Wbuiltin-declaration-mismatch]
   41 | char strndup (void);
      |      ^~~~~~~
configure:14818: $? = 0
configure:14818: result: yes
configure:14907: checking whether C compiler accepts -fno-math-errno
configure:14927: gcc -c -g -O2  -fno-math-errno  conftest.c >&5
configure:14927: $? = 0
configure:14939: result: yes
configure:14957: : CFLAGS="$CFLAGS"
configure:14960: $? = 0
configure:14990: checking whether C compiler accepts /clang:-fno-math-errno
configure:15010: gcc -c -g -O2 -fno-math-errno  /clang:-fno-math-errno  conftest.c >&5
gcc: warning: /clang:-fno-math-errno: linker input file unused because linking not done
gcc: error: /clang:-fno-math-errno: linker input file not found: No such file or directory
configure:15010: $? = 1
configure: failed program was:
| /* confdefs.h */
| #define PACKAGE_NAME "libass"
| #define PACKAGE_TARNAME "libass"
| #define PACKAGE_VERSION "0.17.4"
| #define PACKAGE_STRING "libass 0.17.4"
| #define PACKAGE_BUGREPORT ""
| #define PACKAGE_URL ""
| #define PACKAGE "libass"
| #define VERSION "0.17.4"
| #define HAVE_STDIO_H 1
| #define HAVE_STDLIB_H 1
| #define HAVE_STRING_H 1
| #define HAVE_INTTYPES_H 1
| #define HAVE_STDINT_H 1
| #define HAVE_STRINGS_H 1
| #define HAVE_SYS_STAT_H 1
| #define HAVE_SYS_TYPES_H 1
| #define HAVE_UNISTD_H 1
| #define HAVE_ICONV_H 1
| #define STDC_HEADERS 1
| #define HAVE_DLFCN_H 1
| #define LT_OBJDIR ".libs/"
| #define HAVE_STRDUP 1
| #define HAVE_STRNDUP 1
| /* end confdefs.h.  */
| 
| int
| main (void)
| {
| 
|   ;
|   return 0;
| }
configure:15022: result: no
configure:15080: checking whether C compiler accepts -Wall
configure:15100: gcc -c -g -O2 -fno-math-errno  -Wall  conftest.c >&5
configure:15100: $? = 0
configure:15112: result: yes
configure:15130: : CFLAGS="$CFLAGS"
configure:15133: $? = 0
configure:15080: checking whether C compiler accepts -Wextra
configure:15100: gcc -c -g -O2 -fno-math-errno -Wall  -Wextra  conftest.c >&5
configure:15100: $? = 0
configure:15112: result: yes
configure:15130: : CFLAGS="$CFLAGS"
configure:15133: $? = 0
configure:15080: checking whether C compiler accepts -Wno-sign-compare
configure:15100: gcc -c -g -O2 -fno-math-errno -Wall -Wextra  -Wno-sign-compare  conftest.c >&5
configure:15100: $? = 0
configure:15112: result: yes
configure:15130: : CFLAGS="$CFLAGS"
configure:15133: $? = 0
configure:15080: checking whether C compiler accepts -Wno-unused-parameter
configure:15100: gcc -c -g -O2 -fno-math-errno -Wall -Wextra -Wno-sign-compare  -Wno-unused-parameter  conftest.c >&5
configure:15100: $? = 0
configure:15112: result: yes
configure:15130: : CFLAGS="$CFLAGS"
configure:15133: $? = 0
configure:15080: checking whether C compiler accepts -Wstrict-prototypes
configure:15100: gcc -c -g -O2 -fno-math-errno -Wall -Wextra -Wno-sign-compare -Wno-unused-parameter  -Wstrict-prototypes  conftest.c >&5
configure:15100: $? = 0
configure:15112: result: yes
configure:15130: : CFLAGS="$CFLAGS"
configure:15133: $? = 0
configure:15080: checking whether C compiler accepts -Wpointer-arith
configure:15100: gcc -c -g -O2 -fno-math-errno -Wall -Wextra -Wno-sign-compare -Wno-unused-parameter -Wstrict-prototypes  -Wpointer-arith  conftest.c >&5
configure:15100: $? = 0
configure:15112: result: yes
configure:15130: : CFLAGS="$CFLAGS"
configure:15133: $? = 0
configure:15080: checking whether C compiler accepts -Werror-implicit-function-declaration
configure:15100: gcc -c -g -O2 -fno-math-errno -Wall -Wextra -Wno-sign-compare -Wno-unused-parameter -Wstrict-prototypes -Wpointer-arith  -Werror-implicit-function-declaration  conftest.c >&5
configure:15100: $? = 0
configure:15112: result: yes
configure:15130: : CFLAGS="$CFLAGS"
configure:15133: $? = 0
configure:15080: checking whether C compiler accepts -Wredundant-decls
configure:15100: gcc -c -g -O2 -fno-math-errno -Wall -Wextra -Wno-sign-compare -Wno-unused-parameter -Wstrict-prototypes -Wpointer-arith -Werror-implicit-function-declaration  -Wredundant-decls  conftest.c >&5
configure:15100: $? = 0
configure:15112: result: yes
configure:15130: : CFLAGS="$CFLAGS"
configure:15133: $? = 0
configure:15080: checking whether C compiler accepts -Wno-missing-field-initializers
configure:15100: gcc -c -g -O2 -fno-math-errno -Wall -Wextra -Wno-sign-compare -Wno-unused-parameter -Wstrict-prototypes -Wpointer-arith -Werror-implicit-function-declaration -Wredundant-decls  -Wno-missing-field-initializers  conftest.c >&5
configure:15100: $? = 0
configure:15112: result: yes
configure:15130: : CFLAGS="$CFLAGS"
configure:15133: $? = 0
configure:15080: checking whether C compiler accepts -Wformat-non-iso
configure:15100: gcc -c -g -O2 -fno-math-errno -Wall -Wextra -Wno-sign-compare -Wno-unused-parameter -Wstrict-prototypes -Wpointer-arith -Werror-implicit-function-declaration -Wredundant-decls -Wno-missing-field-initializers  -Wformat-non-iso  conftest.c >&5
gcc: error: unrecognized command-line option '-Wformat-non-iso'
configure:15100: $? = 1
configure: failed program was:
| /* confdefs.h */
| #define PACKAGE_NAME "libass"
| #define PACKAGE_TARNAME "libass"
| #define PACKAGE_VERSION "0.17.4"
| #define PACKAGE_STRING "libass 0.17.4"
| #define PACKAGE_BUGREPORT ""
| #define PACKAGE_URL ""
| #define PACKAGE "libass"
| #define VERSION "0.17.4"
| #define HAVE_STDIO_H 1
| #define HAVE_STDLIB_H 1
| #define HAVE_STRING_H 1
| #define HAVE_INTTYPES_H 1
| #define HAVE_STDINT_H 1
| #define HAVE_STRINGS_H 1
| #define HAVE_SYS_STAT_H 1
| #define HAVE_SYS_TYPES_H 1
| #define HAVE_UNISTD_H 1
| #define HAVE_ICONV_H 1
| #define STDC_HEADERS 1
| #define HAVE_DLFCN_H 1
| #define LT_OBJDIR ".libs/"
| #define HAVE_STRDUP 1
| #define HAVE_STRNDUP 1
| /* end confdefs.h.  */
| 
| int
| main (void)
| {
| 
|   ;
|   return 0;
| }
configure:15112: result: no
configure:15080: checking whether C compiler accepts -Werror=format-non-iso
configure:15100: gcc -c -g -O2 -fno-math-errno -Wall -Wextra -Wno-sign-compare -Wno-unused-parameter -Wstrict-prototypes -Wpointer-arith -Werror-implicit-function-declaration -Wredundant-decls -Wno-missing-field-initializers  -Werror=format-non-iso  conftest.c >&5
cc1: error: '-Werror=format-non-iso': no option '-Wformat-non-iso'
configure:15100: $? = 1
configure: failed program was:
| /* confdefs.h */
| #define PACKAGE_NAME "libass"
| #define PACKAGE_TARNAME "libass"
| #define PACKAGE_VERSION "0.17.4"
| #define PACKAGE_STRING "libass 0.17.4"
| #define PACKAGE_BUGREPORT ""
| #define PACKAGE_URL ""
| #define PACKAGE "libass"
| #define VERSION "0.17.4"
| #define HAVE_STDIO_H 1
| #define HAVE_STDLIB_H 1
| #define HAVE_STRING_H 1
| #define HAVE_INTTYPES_H 1
| #define HAVE_STDINT_H 1
| #define HAVE_STRINGS_H 1
| #define HAVE_SYS_STAT_H 1
| #define HAVE_SYS_TYPES_H 1
| #define HAVE_UNISTD_H 1
| #define HAVE_ICONV_H 1
| #define STDC_HEADERS 1
| #define HAVE_DLFCN_H 1
| #define LT_OBJDIR ".libs/"
| #define HAVE_STRDUP 1
| #define HAVE_STRNDUP 1
| /* end confdefs.h.  */
| 
| int
| main (void)
| {
| 
|   ;
|   return 0;
| }
configure:15112: result: no
configure:15168: checking for library containing libiconv_open
configure:15204: gcc -o conftest -g -O2 -fno-math-errno -Wall -Wextra -Wno-sign-compare -Wno-unused-parameter -Wstrict-prototypes -Wpointer-arith -Werror-implicit-function-declaration -Wredundant-decls -Wno-missing-field-initializers   conftest.c  >&5
/usr/bin/ld: /tmp/ccbJxneq.o: in function `main':
/libass/conftest.c:40:(.text.startup+0x5): undefined reference to `libiconv_open'
collect2: error: ld returned 1 exit status
configure:15204: $? = 1
configure: failed program was:
| /* confdefs.h */
| #define PACKAGE_NAME "libass"
| #define PACKAGE_TARNAME "libass"
| #define PACKAGE_VERSION "0.17.4"
| #define PACKAGE_STRING "libass 0.17.4"
| #define PACKAGE_BUGREPORT ""
| #define PACKAGE_URL ""
| #define PACKAGE "libass"
| #define VERSION "0.17.4"
| #define HAVE_STDIO_H 1
| #define HAVE_STDLIB_H 1
| #define HAVE_STRING_H 1
| #define HAVE_INTTYPES_H 1
| #define HAVE_STDINT_H 1
| #define HAVE_STRINGS_H 1
| #define HAVE_SYS_STAT_H 1
| #define HAVE_SYS_TYPES_H 1
| #define HAVE_UNISTD_H 1
| #define HAVE_ICONV_H 1
| #define STDC_HEADERS 1
| #define HAVE_DLFCN_H 1
| #define LT_OBJDIR ".libs/"
| #define HAVE_STRDUP 1
| #define HAVE_STRNDUP 1
| /* end confdefs.h.  */
| 
| /* Override any GCC internal prototype to avoid an error.
|    Use char because int might match the return type of a GCC
|    builtin and then its argument prototype would still apply.
|    The 'extern "C"' is for builds by C++ compilers;
|    although this is not generally supported in C code supporting it here
|    has little cost and some practical benefit (sr 110532).  */
| #ifdef __cplusplus
| extern "C"
| #endif
| char libiconv_open (void);
| int
| main (void)
| {
| return libiconv_open ();
|   ;
|   return 0;
| }
configure:15204: gcc -o conftest -g -O2 -fno-math-errno -Wall -Wextra -Wno-sign-compare -Wno-unused-parameter -Wstrict-prototypes -Wpointer-arith -Werror-implicit-function-declaration -Wredundant-decls -Wno-missing-field-initializers   conftest.c -liconv   >&5
/usr/bin/ld: cannot find -liconv: No such file or directory
collect2: error: ld returned 1 exit status
configure:15204: $? = 1
configure: failed program was:
| /* confdefs.h */
| #define PACKAGE_NAME "libass"
| #define PACKAGE_TARNAME "libass"
| #define PACKAGE_VERSION "0.17.4"
| #define PACKAGE_STRING "libass 0.17.4"
| #define PACKAGE_BUGREPORT ""
| #define PACKAGE_URL ""
| #define PACKAGE "libass"
| #define VERSION "0.17.4"
| #define HAVE_STDIO_H 1
| #define HAVE_STDLIB_H 1
| #define HAVE_STRING_H 1
| #define HAVE_INTTYPES_H 1
| #define HAVE_STDINT_H 1
| #define HAVE_STRINGS_H 1
| #define HAVE_SYS_STAT_H 1
| #define HAVE_SYS_TYPES_H 1
| #define HAVE_UNISTD_H 1
| #define HAVE_ICONV_H 1
| #define STDC_HEADERS 1
| #define HAVE_DLFCN_H 1
| #define LT_OBJDIR ".libs/"
| #define HAVE_STRDUP 1
| #define HAVE_STRNDUP 1
| /* end confdefs.h.  */
| 
| /* Override any GCC internal prototype to avoid an error.
|    Use char because int might match the return type of a GCC
|    builtin and then its argument prototype would still apply.
|    The 'extern "C"' is for builds by C++ compilers;
|    although this is not generally supported in C code supporting it here
|    has little cost and some practical benefit (sr 110532).  */
| #ifdef __cplusplus
| extern "C"
| #endif
| char libiconv_open (void);
| int
| main (void)
| {
| return libiconv_open ();
|   ;
|   return 0;
| }
configure:15226: result: no
configure:15237: checking for library containing iconv_open
configure:15273: gcc -o conftest -g -O2 -fno-math-errno -Wall -Wextra -Wno-sign-compare -Wno-unused-parameter -Wstrict-prototypes -Wpointer-arith -Werror-implicit-function-declaration -Wredundant-decls -Wno-missing-field-initializers   conftest.c  >&5
configure:15273: $? = 0
configure:15295: result: none required
configure:15318: checking for library containing lrint
configure:15354: gcc -o conftest -g -O2 -fno-math-errno -Wall -Wextra -Wno-sign-compare -Wno-unused-parameter -Wstrict-prototypes -Wpointer-arith -Werror-implicit-function-declaration -Wredundant-decls -Wno-missing-field-initializers   conftest.c  >&5
conftest.c:37:6: warning: conflicting types for built-in function 'lrint'; expected 'long int(double)' [-Wbuiltin-declaration-mismatch]
   37 | char lrint (void);
      |      ^~~~~
conftest.c:1:1: note: 'lrint' is declared in header '<math.h>'
    1 | /* confdefs.h */
/usr/bin/ld: /tmp/ccgKK3rY.o: in function `main':
/libass/conftest.c:41:(.text.startup+0x5): undefined reference to `lrint'
collect2: error: ld returned 1 exit status
configure:15354: $? = 1
configure: failed program was:
| /* confdefs.h */
| #define PACKAGE_NAME "libass"
| #define PACKAGE_TARNAME "libass"
| #define PACKAGE_VERSION "0.17.4"
| #define PACKAGE_STRING "libass 0.17.4"
| #define PACKAGE_BUGREPORT ""
| #define PACKAGE_URL ""
| #define PACKAGE "libass"
| #define VERSION "0.17.4"
| #define HAVE_STDIO_H 1
| #define HAVE_STDLIB_H 1
| #define HAVE_STRING_H 1
| #define HAVE_INTTYPES_H 1
| #define HAVE_STDINT_H 1
| #define HAVE_STRINGS_H 1
| #define HAVE_SYS_STAT_H 1
| #define HAVE_SYS_TYPES_H 1
| #define HAVE_UNISTD_H 1
| #define HAVE_ICONV_H 1
| #define STDC_HEADERS 1
| #define HAVE_DLFCN_H 1
| #define LT_OBJDIR ".libs/"
| #define HAVE_STRDUP 1
| #define HAVE_STRNDUP 1
| #define CONFIG_ICONV 1
| /* end confdefs.h.  */
| 
| /* Override any GCC internal prototype to avoid an error.
|    Use char because int might match the return type of a GCC
|    builtin and then its argument prototype would still apply.
|    The 'extern "C"' is for builds by C++ compilers;
|    although this is not generally supported in C code supporting it here
|    has little cost and some practical benefit (sr 110532).  */
| #ifdef __cplusplus
| extern "C"
| #endif
| char lrint (void);
| int
| main (void)
| {
| return lrint ();
|   ;
|   return 0;
| }
configure:15354: gcc -o conftest -g -O2 -fno-math-errno -Wall -Wextra -Wno-sign-compare -Wno-unused-parameter -Wstrict-prototypes -Wpointer-arith -Werror-implicit-function-declaration -Wredundant-decls -Wno-missing-field-initializers   conftest.c -lm   >&5
conftest.c:37:6: warning: conflicting types for built-in function 'lrint'; expected 'long int(double)' [-Wbuiltin-declaration-mismatch]
   37 | char lrint (void);
      |      ^~~~~
conftest.c:1:1: note: 'lrint' is declared in header '<math.h>'
    1 | /* confdefs.h */
configure:15354: $? = 0
configure:15376: result: -lm
configure:15455: checking for pkg-config
configure:15478: found /usr/bin/pkg-config
configure:15491: result: /usr/bin/pkg-config
configure:15516: checking pkg-config is at least version 0.9.0
configure:15519: result: yes
configure:15529: checking for freetype2 >= 9.17.3
configure:15536: $PKG_CONFIG --exists --print-errors "freetype2 >= 9.17.3"
configure:15539: $? = 0
configure:15553: $PKG_CONFIG --exists --print-errors "freetype2 >= 9.17.3"
configure:15556: $? = 0
configure:15614: result: yes
configure:15625: checking for fribidi >= 0.19.1
configure:15632: $PKG_CONFIG --exists --print-errors "fribidi >= 0.19.1"
configure:15635: $? = 0
configure:15649: $PKG_CONFIG --exists --print-errors "fribidi >= 0.19.1"
configure:15652: $? = 0
configure:15710: result: yes
configure:15721: checking for harfbuzz >= 1.2.3
configure:15728: $PKG_CONFIG --exists --print-errors "harfbuzz >= 1.2.3"
configure:15731: $? = 0
configure:15745: $PKG_CONFIG --exists --print-errors "harfbuzz >= 1.2.3"
configure:15748: $? = 0
configure:15806: result: yes
configure:15925: checking for libunibreak >= 1.1
configure:15932: $PKG_CONFIG --exists --print-errors "libunibreak >= 1.1"
configure:15935: $? = 0
configure:15949: $PKG_CONFIG --exists --print-errors "libunibreak >= 1.1"
configure:15952: $? = 0
configure:16004: result: yes
configure:16025: checking for fontconfig >= 2.10.92
configure:16032: $PKG_CONFIG --exists --print-errors "fontconfig >= 2.10.92"
configure:16035: $? = 0
configure:16049: $PKG_CONFIG --exists --print-errors "fontconfig >= 2.10.92"
configure:16052: $? = 0
configure:16106: result: yes
configure:16128: checking for Core Text
configure:16146: gcc -c -g -O2 -fno-math-errno -Wall -Wextra -Wno-sign-compare -Wno-unused-parameter -Wstrict-prototypes -Wpointer-arith -Werror-implicit-function-declaration -Wredundant-decls -Wno-missing-field-initializers -I/usr/include/freetype2 -I/usr/include/libpng16  -I/usr/include/fribidi  -I/usr/include/harfbuzz -I/usr/include/freetype2 -I/usr/include/libpng16 -I/usr/include/glib-2.0 -I/usr/lib/x86_64-linux-gnu/glib-2.0/include -I/usr/include/sysprof-6 -pthread  -I/usr/local/include  -I/usr/include/freetype2 -I/usr/include/libpng16   conftest.c >&5
conftest.c:30:18: fatal error: ApplicationServices/ApplicationServices.h: No such file or directory
   30 |         #include <ApplicationServices/ApplicationServices.h>
      |                  ^~~~~~~~~~~~~~~~~~~~~~~~~~~~~~~~~~~~~~~~~~~
compilation terminated.
configure:16146: $? = 1
configure: failed program was:
| /* confdefs.h */
| #define PACKAGE_NAME "libass"
| #define PACKAGE_TARNAME "libass"
| #define PACKAGE_VERSION "0.17.4"
| #define PACKAGE_STRING "libass 0.17.4"
| #define PACKAGE_BUGREPORT ""
| #define PACKAGE_URL ""
| #define PACKAGE "libass"
| #define VERSION "0.17.4"
| #define HAVE_STDIO_H 1
| #define HAVE_STDLIB_H 1
| #define HAVE_STRING_H 1
| #define HAVE_INTTYPES_H 1
| #define HAVE_STDINT_H 1
| #define HAVE_STRINGS_H 1
| #define HAVE_SYS_STAT_H 1
| #define HAVE_SYS_TYPES_H 1
| #define HAVE_UNISTD_H 1
| #define HAVE_ICONV_H 1
| #define STDC_HEADERS 1
| #define HAVE_DLFCN_H 1
| #define LT_OBJDIR ".libs/"
| #define HAVE_STRDUP 1
| #define HAVE_STRNDUP 1
| #define CONFIG_ICONV 1
| #define CONFIG_UNIBREAK 1
| #define CONFIG_FONTCONFIG 1
| /* end confdefs.h.  */
| 
|         #include <ApplicationServices/ApplicationServices.h>
| int
| main (void)
| {
| CTFontDescriptorCopyAttribute(NULL, kCTFontNameAttribute);
| 
|   ;
|   return 0;
| }
| 
configure:16175: gcc -c -g -O2 -fno-math-errno -Wall -Wextra -Wno-sign-compare -Wno-unused-parameter -Wstrict-prototypes -Wpointer-arith -Werror-implicit-function-declaration -Wredundant-decls -Wno-missing-field-initializers -I/usr/include/freetype2 -I/usr/include/libpng16  -I/usr/include/fribidi  -I/usr/include/harfbuzz -I/usr/include/freetype2 -I/usr/include/libpng16 -I/usr/include/glib-2.0 -I/usr/lib/x86_64-linux-gnu/glib-2.0/include -I/usr/include/sysprof-6 -pthread  -I/usr/local/include  -I/usr/include/freetype2 -I/usr/include/libpng16   conftest.c >&5
conftest.c:30:22: fatal error: CoreText/CoreText.h: No such file or directory
   30 |             #include <CoreText/CoreText.h>
      |                      ^~~~~~~~~~~~~~~~~~~~~
compilation terminated.
configure:16175: $? = 1
configure: failed program was:
| /* confdefs.h */
| #define PACKAGE_NAME "libass"
| #define PACKAGE_TARNAME "libass"
| #define PACKAGE_VERSION "0.17.4"
| #define PACKAGE_STRING "libass 0.17.4"
| #define PACKAGE_BUGREPORT ""
| #define PACKAGE_URL ""
| #define PACKAGE "libass"
| #define VERSION "0.17.4"
| #define HAVE_STDIO_H 1
| #define HAVE_STDLIB_H 1
| #define HAVE_STRING_H 1
| #define HAVE_INTTYPES_H 1
| #define HAVE_STDINT_H 1
| #define HAVE_STRINGS_H 1
| #define HAVE_SYS_STAT_H 1
| #define HAVE_SYS_TYPES_H 1
| #define HAVE_UNISTD_H 1
| #define HAVE_ICONV_H 1
| #define STDC_HEADERS 1
| #define HAVE_DLFCN_H 1
| #define LT_OBJDIR ".libs/"
| #define HAVE_STRDUP 1
| #define HAVE_STRNDUP 1
| #define CONFIG_ICONV 1
| #define CONFIG_UNIBREAK 1
| #define CONFIG_FONTCONFIG 1
| /* end confdefs.h.  */
| 
|             #include <CoreText/CoreText.h>
| int
| main (void)
| {
| CTFontDescriptorCopyAttribute(NULL, kCTFontNameAttribute);
| 
|   ;
|   return 0;
| }
| 
configure:16190: result: no
configure:16214: checking for DirectWrite
configure:16229: gcc -c -g -O2 -fno-math-errno -Wall -Wextra -Wno-sign-compare -Wno-unused-parameter -Wstrict-prototypes -Wpointer-arith -Werror-implicit-function-declaration -Wredundant-decls -Wno-missing-field-initializers -I/usr/include/freetype2 -I/usr/include/libpng16  -I/usr/include/fribidi  -I/usr/include/harfbuzz -I/usr/include/freetype2 -I/usr/include/libpng16 -I/usr/include/glib-2.0 -I/usr/lib/x86_64-linux-gnu/glib-2.0/include -I/usr/include/sysprof-6 -pthread  -I/usr/local/include  -I/usr/include/freetype2 -I/usr/include/libpng16   conftest.c >&5
conftest.c:30:18: fatal error: windows.h: No such file or directory
   30 |         #include <windows.h>
      |                  ^~~~~~~~~~~
compilation terminated.
configure:16229: $? = 1
configure: failed program was:
| /* confdefs.h */
| #define PACKAGE_NAME "libass"
| #define PACKAGE_TARNAME "libass"
| #define PACKAGE_VERSION "0.17.4"
| #define PACKAGE_STRING "libass 0.17.4"
| #define PACKAGE_BUGREPORT ""
| #define PACKAGE_URL ""
| #define PACKAGE "libass"
| #define VERSION "0.17.4"
| #define HAVE_STDIO_H 1
| #define HAVE_STDLIB_H 1
| #define HAVE_STRING_H 1
| #define HAVE_INTTYPES_H 1
| #define HAVE_STDINT_H 1
| #define HAVE_STRINGS_H 1
| #define HAVE_SYS_STAT_H 1
| #define HAVE_SYS_TYPES_H 1
| #define HAVE_UNISTD_H 1
| #define HAVE_ICONV_H 1
| #define STDC_HEADERS 1
| #define HAVE_DLFCN_H 1
| #define LT_OBJDIR ".libs/"
| #define HAVE_STRDUP 1
| #define HAVE_STRNDUP 1
| #define CONFIG_ICONV 1
| #define CONFIG_UNIBREAK 1
| #define CONFIG_FONTCONFIG 1
| /* end confdefs.h.  */
| 
|         #include <windows.h>
| int
| main (void)
| {
| ;
|   ;
|   return 0;
| }
| 
configure:16287: result: no
configure:16318: checking for gcc options needed to detect all undeclared functions
configure:16340: gcc -c -g -O2 -fno-math-errno -Wall -Wextra -Wno-sign-compare -Wno-unused-parameter -Wstrict-prototypes -Wpointer-arith -Werror-implicit-function-declaration -Wredundant-decls -Wno-missing-field-initializers -I/usr/include/freetype2 -I/usr/include/libpng16  -I/usr/include/fribidi  -I/usr/include/harfbuzz -I/usr/include/freetype2 -I/usr/include/libpng16 -I/usr/include/glib-2.0 -I/usr/lib/x86_64-linux-gnu/glib-2.0/include -I/usr/include/sysprof-6 -pthread  -I/usr/local/include  -I/usr/include/freetype2 -I/usr/include/libpng16    conftest.c >&5
conftest.c: In function 'main':
conftest.c:33:8: error: 'strchr' undeclared (first use in this function)
   33 | (void) strchr;
      |        ^~~~~~
conftest.c:1:1: note: 'strchr' is defined in header '<string.h>'; this is probably fixable by adding '#include <string.h>'
    1 | /* confdefs.h */
conftest.c:33:8: note: each undeclared identifier is reported only once for each function it appears in
   33 | (void) strchr;
      |        ^~~~~~
configure:16340: $? = 1
configure: failed program was:
| /* confdefs.h */
| #define PACKAGE_NAME "libass"
| #define PACKAGE_TARNAME "libass"
| #define PACKAGE_VERSION "0.17.4"
| #define PACKAGE_STRING "libass 0.17.4"
| #define PACKAGE_BUGREPORT ""
| #define PACKAGE_URL ""
| #define PACKAGE "libass"
| #define VERSION "0.17.4"
| #define HAVE_STDIO_H 1
| #define HAVE_STDLIB_H 1
| #define HAVE_STRING_H 1
| #define HAVE_INTTYPES_H 1
| #define HAVE_STDINT_H 1
| #define HAVE_STRINGS_H 1
| #define HAVE_SYS_STAT_H 1
| #define HAVE_SYS_TYPES_H 1
| #define HAVE_UNISTD_H 1
| #define HAVE_ICONV_H 1
| #define STDC_HEADERS 1
| #define HAVE_DLFCN_H 1
| #define LT_OBJDIR ".libs/"
| #define HAVE_STRDUP 1
| #define HAVE_STRNDUP 1
| #define CONFIG_ICONV 1
| #define CONFIG_UNIBREAK 1
| #define CONFIG_FONTCONFIG 1
| /* end confdefs.h.  */
| 
| int
| main (void)
| {
| (void) strchr;
|   ;
|   return 0;
| }
configure:16367: gcc -c -g -O2 -fno-math-errno -Wall -Wextra -Wno-sign-compare -Wno-unused-parameter -Wstrict-prototypes -Wpointer-arith -Werror-implicit-function-declaration -Wredundant-decls -Wno-missing-field-initializers -I/usr/include/freetype2 -I/usr/include/libpng16  -I/usr/include/fribidi  -I/usr/include/harfbuzz -I/usr/include/freetype2 -I/usr/include/libpng16 -I/usr/include/glib-2.0 -I/usr/lib/x86_64-linux-gnu/glib-2.0/include -I/usr/include/sysprof-6 -pthread  -I/usr/local/include  -I/usr/include/freetype2 -I/usr/include/libpng16    conftest.c >&5
configure:16367: $? = 0
configure:16387: result: none needed
configure:16456: checking for nasm
configure:16477: found /usr/bin/nasm
configure:16489: result: yes
configure:16542: checking whether __AVX__ is declared
configure:16542: gcc -c -g -O2 -fno-math-errno -Wall -Wextra -Wno-sign-compare -Wno-unused-parameter -Wstrict-prototypes -Wpointer-arith -Werror-implicit-function-declaration -Wredundant-decls -Wno-missing-field-initializers -I/usr/include/freetype2 -I/usr/include/libpng16  -I/usr/include/fribidi  -I/usr/include/harfbuzz -I/usr/include/freetype2 -I/usr/include/libpng16 -I/usr/include/glib-2.0 -I/usr/lib/x86_64-linux-gnu/glib-2.0/include -I/usr/include/sysprof-6 -pthread  -I/usr/local/include  -I/usr/include/freetype2 -I/usr/include/libpng16    conftest.c >&5
conftest.c: In function 'main':
conftest.c:64:10: error: '__AVX__' undeclared (first use in this function)
   64 |   (void) __AVX__;
      |          ^~~~~~~
conftest.c:64:10: note: each undeclared identifier is reported only once for each function it appears in
configure:16542: $? = 1
configure: failed program was:
| /* confdefs.h */
| #define PACKAGE_NAME "libass"
| #define PACKAGE_TARNAME "libass"
| #define PACKAGE_VERSION "0.17.4"
| #define PACKAGE_STRING "libass 0.17.4"
| #define PACKAGE_BUGREPORT ""
| #define PACKAGE_URL ""
| #define PACKAGE "libass"
| #define VERSION "0.17.4"
| #define HAVE_STDIO_H 1
| #define HAVE_STDLIB_H 1
| #define HAVE_STRING_H 1
| #define HAVE_INTTYPES_H 1
| #define HAVE_STDINT_H 1
| #define HAVE_STRINGS_H 1
| #define HAVE_SYS_STAT_H 1
| #define HAVE_SYS_TYPES_H 1
| #define HAVE_UNISTD_H 1
| #define HAVE_ICONV_H 1
| #define STDC_HEADERS 1
| #define HAVE_DLFCN_H 1
| #define LT_OBJDIR ".libs/"
| #define HAVE_STRDUP 1
| #define HAVE_STRNDUP 1
| #define CONFIG_ICONV 1
| #define CONFIG_UNIBREAK 1
| #define CONFIG_FONTCONFIG 1
| /* end confdefs.h.  */
| #include <stddef.h>
| #ifdef HAVE_STDIO_H
| # include <stdio.h>
| #endif
| #ifdef HAVE_STDLIB_H
| # include <stdlib.h>
| #endif
| #ifdef HAVE_STRING_H
| # include <string.h>
| #endif
| #ifdef HAVE_INTTYPES_H
| # include <inttypes.h>
| #endif
| #ifdef HAVE_STDINT_H
| # include <stdint.h>
| #endif
| #ifdef HAVE_STRINGS_H
| # include <strings.h>
| #endif
| #ifdef HAVE_SYS_TYPES_H
| # include <sys/types.h>
| #endif
| #ifdef HAVE_SYS_STAT_H
| # include <sys/stat.h>
| #endif
| #ifdef HAVE_UNISTD_H
| # include <unistd.h>
| #endif
| int
| main (void)
| {
| #ifndef __AVX__
| #ifdef __cplusplus
|   (void) __AVX__;
| #else
|   (void) __AVX__;
| #endif
| #endif
| 
|   ;
|   return 0;
| }
configure:16542: result: no
configure:16550: checking if nasm supports vpmovzxwd
configure:16556: result: yes
configure:16803: checking for git
configure:16826: found /usr/bin/git
configure:16839: result: /usr/bin/git
configure:16979: checking that generated files are newer than configure
configure:16985: result: done
configure:17080: creating ./config.status

## ---------------------- ##
## Running config.status. ##
## ---------------------- ##

This file was extended by libass config.status 0.17.4, which was
generated by GNU Autoconf 2.72.  Invocation command line was

  CONFIG_FILES    = 
  CONFIG_HEADERS  = 
  CONFIG_LINKS    = 
  CONFIG_COMMANDS = 
  $ ./config.status 

on buildkitsandbox

config.status:1160: creating Makefile
config.status:1160: creating libass.pc
config.status:1160: creating config.h
config.status:1389: executing depfiles commands
config.status:1466: cd .       && sed -e '/# am--include-marker/d' Makefile         | make -f - am--depfiles
config.status:1471: $? = 0
config.status:1389: executing libtool commands

## ---------------- ##
## Cache variables. ##
## ---------------- ##

ac_cv_build=x86_64-pc-linux-gnu
ac_cv_c_compiler_gnu=yes
ac_cv_c_undeclared_builtin_options='none needed'
ac_cv_env_ART_SAMPLES_set=
ac_cv_env_ART_SAMPLES_value=
ac_cv_env_CCASFLAGS_set=
ac_cv_env_CCASFLAGS_value=
ac_cv_env_CCAS_set=
ac_cv_env_CCAS_value=
ac_cv_env_CC_set=
ac_cv_env_CC_value=
ac_cv_env_CFLAGS_set=
ac_cv_env_CFLAGS_value=
ac_cv_env_CPPFLAGS_set=
ac_cv_env_CPPFLAGS_value=
ac_cv_env_FONTCONFIG_CFLAGS_set=
ac_cv_env_FONTCONFIG_CFLAGS_value=
ac_cv_env_FONTCONFIG_LIBS_set=
ac_cv_env_FONTCONFIG_LIBS_value=
ac_cv_env_FREETYPE_CFLAGS_set=
ac_cv_env_FREETYPE_CFLAGS_value=
ac_cv_env_FREETYPE_LIBS_set=
ac_cv_env_FREETYPE_LIBS_value=
ac_cv_env_FRIBIDI_CFLAGS_set=
ac_cv_env_FRIBIDI_CFLAGS_value=
ac_cv_env_FRIBIDI_LIBS_set=
ac_cv_env_FRIBIDI_LIBS_value=
ac_cv_env_FUZZ_CPPFLAGS_set=
ac_cv_env_FUZZ_CPPFLAGS_value=
ac_cv_env_FUZZ_LDFLAGS_set=
ac_cv_env_FUZZ_LDFLAGS_value=
ac_cv_env_HARFBUZZ_CFLAGS_set=
ac_cv_env_HARFBUZZ_CFLAGS_value=
ac_cv_env_HARFBUZZ_LIBS_set=
ac_cv_env_HARFBUZZ_LIBS_value=
ac_cv_env_LDFLAGS_set=
ac_cv_env_LDFLAGS_value=
ac_cv_env_LIBPNG_CFLAGS_set=
ac_cv_env_LIBPNG_CFLAGS_value=
ac_cv_env_LIBPNG_LIBS_set=
ac_cv_env_LIBPNG_LIBS_value=
ac_cv_env_LIBS_set=
ac_cv_env_LIBS_value=
ac_cv_env_LIBUNIBREAK_CFLAGS_set=
ac_cv_env_LIBUNIBREAK_CFLAGS_value=
ac_cv_env_LIBUNIBREAK_LIBS_set=
ac_cv_env_LIBUNIBREAK_LIBS_value=
ac_cv_env_LT_SYS_LIBRARY_PATH_set=
ac_cv_env_LT_SYS_LIBRARY_PATH_value=
ac_cv_env_PKG_CONFIG_LIBDIR_set=
ac_cv_env_PKG_CONFIG_LIBDIR_value=
ac_cv_env_PKG_CONFIG_PATH_set=
ac_cv_env_PKG_CONFIG_PATH_value=
ac_cv_env_PKG_CONFIG_set=
ac_cv_env_PKG_CONFIG_value=
ac_cv_env_build_alias_set=
ac_cv_env_build_alias_value=
ac_cv_env_host_alias_set=
ac_cv_env_host_alias_value=
ac_cv_env_target_alias_set=
ac_cv_env_target_alias_value=
ac_cv_func_strdup=yes
ac_cv_func_strndup=yes
ac_cv_have_decl___AVX__=no
ac_cv_header_dlfcn_h=yes
ac_cv_header_iconv_h=yes
ac_cv_header_inttypes_h=yes
ac_cv_header_stdint_h=yes
ac_cv_header_stdio_h=yes
ac_cv_header_stdlib_h=yes
ac_cv_header_string_h=yes
ac_cv_header_strings_h=yes
ac_cv_header_sys_stat_h=yes
ac_cv_header_sys_types_h=yes
ac_cv_header_unistd_h=yes
ac_cv_host=x86_64-pc-linux-gnu
ac_cv_objext=o
ac_cv_path_EGREP='/usr/bin/grep -E'
ac_cv_path_EGREP_TRADITIONAL='/usr/bin/grep -E'
ac_cv_path_FGREP='/usr/bin/grep -F'
ac_cv_path_GREP=/usr/bin/grep
ac_cv_path_SED=/usr/bin/sed
ac_cv_path_ac_pt_PKG_CONFIG=/usr/bin/pkg-config
ac_cv_path_git_bin=/usr/bin/git
ac_cv_path_install='/usr/bin/install -c'
ac_cv_path_lt_DD=/usr/bin/dd
ac_cv_path_mkdir=/usr/bin/mkdir
ac_cv_prog_AWK=mawk
ac_cv_prog_FILECMD=file
ac_cv_prog_ac_ct_AR=ar
ac_cv_prog_ac_ct_CC=gcc
ac_cv_prog_ac_ct_OBJDUMP=objdump
ac_cv_prog_ac_ct_RANLIB=ranlib
ac_cv_prog_ac_ct_STRIP=strip
ac_cv_prog_cc_c11=
ac_cv_prog_cc_g=yes
ac_cv_prog_cc_stdc=
ac_cv_prog_make_make_set=yes
ac_cv_prog_nasm_check=yes
ac_cv_search_iconv_open='none required'
ac_cv_search_libiconv_open=no
ac_cv_search_lrint=-lm
am_cv_CCAS_dependencies_compiler_type=gcc3
am_cv_CC_dependencies_compiler_type=gcc3
am_cv_filesystem_timestamp_resolution=0.01
am_cv_make_support_nested_variables=yes
am_cv_prog_cc_c_o=yes
am_cv_sleep_fractional_seconds=yes
am_cv_xargs_n_works=yes
ax_cv_check_cflags___Wall=yes
ax_cv_check_cflags___Werror_format_non_iso=no
ax_cv_check_cflags___Werror_implicit_function_declaration=yes
ax_cv_check_cflags___Wextra=yes
ax_cv_check_cflags___Wformat_non_iso=no
ax_cv_check_cflags___Wno_missing_field_initializers=yes
ax_cv_check_cflags___Wno_sign_compare=yes
ax_cv_check_cflags___Wno_unused_parameter=yes
ax_cv_check_cflags___Wpointer_arith=yes
ax_cv_check_cflags___Wredundant_decls=yes
ax_cv_check_cflags___Wstrict_prototypes=yes
ax_cv_check_cflags___clang__fno_math_errno=no
ax_cv_check_cflags___fno_math_errno=yes
lt_cv_ar_at_file=@
lt_cv_archive_cmds_need_lc=no
lt_cv_deplibs_check_method=pass_all
lt_cv_file_magic_cmd='$MAGIC_CMD'
lt_cv_file_magic_test_file=
lt_cv_ld_reload_flag=-r
lt_cv_nm_interface='BSD nm'
lt_cv_objdir=.libs
lt_cv_path_LD=/usr/bin/ld
lt_cv_path_NM='/usr/bin/nm -B'
lt_cv_path_manifest_tool=no
lt_cv_prog_compiler_c_o=yes
lt_cv_prog_compiler_pic='-fPIC -DPIC'
lt_cv_prog_compiler_pic_works=yes
lt_cv_prog_compiler_rtti_exceptions=no
lt_cv_prog_compiler_static_works=yes
lt_cv_prog_gnu_ld=yes
lt_cv_sharedlib_from_linklib_cmd='printf %s\n'
lt_cv_shlibpath_overrides_runpath=yes
lt_cv_sys_global_symbol_pipe='/usr/bin/sed -n -e '\''s/^.*[	 ]\([ABCDGIRSTW][ABCDGIRSTW]*\)[	 ][	 ]*\([_A-Za-z][_A-Za-z0-9]*\)$/\1 \2 \2/p'\'' | /usr/bin/sed '\''/ __gnu_lto/d'\'''
lt_cv_sys_global_symbol_to_c_name_address='/usr/bin/sed -n -e '\''s/^: \(.*\) .*$/  {"\1", (void *) 0},/p'\'' -e '\''s/^[ABCDGIRSTW][ABCDGIRSTW]* .* \(.*\)$/  {"\1", (void *) \&\1},/p'\'''
lt_cv_sys_global_symbol_to_c_name_address_lib_prefix='/usr/bin/sed -n -e '\''s/^: \(.*\) .*$/  {"\1", (void *) 0},/p'\'' -e '\''s/^[ABCDGIRSTW][ABCDGIRSTW]* .* \(lib.*\)$/  {"\1", (void *) \&\1},/p'\'' -e '\''s/^[ABCDGIRSTW][ABCDGIRSTW]* .* \(.*\)$/  {"lib\1", (void *) \&\1},/p'\'''
lt_cv_sys_global_symbol_to_cdecl='/usr/bin/sed -n -e '\''s/^T .* \(.*\)$/extern int \1();/p'\'' -e '\''s/^[ABCDGIRSTW][ABCDGIRSTW]* .* \(.*\)$/extern char \1;/p'\'''
lt_cv_sys_global_symbol_to_import=
lt_cv_sys_max_cmd_len=1572864
lt_cv_to_host_file_cmd=func_convert_file_noop
lt_cv_to_tool_file_cmd=func_convert_file_noop
lt_cv_truncate_bin='/usr/bin/dd bs=4096 count=1'
pkg_cv_FONTCONFIG_CFLAGS='-I/usr/include/freetype2 -I/usr/include/libpng16 '
pkg_cv_FONTCONFIG_LIBS='-lfontconfig -lfreetype '
pkg_cv_FREETYPE_CFLAGS='-I/usr/include/freetype2 -I/usr/include/libpng16 '
pkg_cv_FREETYPE_LIBS='-lfreetype '
pkg_cv_FRIBIDI_CFLAGS='-I/usr/include/fribidi '
pkg_cv_FRIBIDI_LIBS='-lfribidi '
pkg_cv_HARFBUZZ_CFLAGS='-I/usr/include/harfbuzz -I/usr/include/freetype2 -I/usr/include/libpng16 -I/usr/include/glib-2.0 -I/usr/lib/x86_64-linux-gnu/glib-2.0/include -I/usr/include/sysprof-6 -pthread '
pkg_cv_HARFBUZZ_LIBS='-lharfbuzz '
pkg_cv_LIBUNIBREAK_CFLAGS='-I/usr/local/include '
pkg_cv_LIBUNIBREAK_LIBS='-L/usr/local/lib -lunibreak '

## ----------------- ##
## Output variables. ##
## ----------------- ##

AARCH64_FALSE=''
AARCH64_TRUE='#'
ACLOCAL='${SHELL} '\''/libass/missing'\'' aclocal-1.17'
AMDEPBACKSLASH='\'
AMDEP_FALSE='#'
AMDEP_TRUE=''
AMTAR='$${TAR-tar}'
AM_BACKSLASH='\'
AM_DEFAULT_V='$(AM_DEFAULT_VERBOSITY)'
AM_DEFAULT_VERBOSITY='0'
AM_V='$(V)'
AR='ar'
ART_SAMPLES=''
AS='nasm'
ASFLAGS=' -DARCH_X86_64=1 -f elf64 -DSTACK_ALIGNMENT=16'
ASM_FALSE='#'
ASM_TRUE=''
AUTOCONF='${SHELL} '\''/libass/missing'\'' autoconf'
AUTOHEADER='${SHELL} '\''/libass/missing'\'' autoheader'
AUTOMAKE='${SHELL} '\''/libass/missing'\'' automake-1.17'
AWK='mawk'
CC='gcc'
CCAS='gcc'
CCASDEPMODE='depmode=gcc3'
CCASFLAGS='-g -O2'
CCDEPMODE='depmode=gcc3'
CFLAGS='-g -O2 -fno-math-errno -Wall -Wextra -Wno-sign-compare -Wno-unused-parameter -Wstrict-prototypes -Wpointer-arith -Werror-implicit-function-declaration -Wredundant-decls -Wno-missing-field-initializers -I/usr/include/freetype2 -I/usr/include/libpng16  -I/usr/include/fribidi  -I/usr/include/harfbuzz -I/usr/include/freetype2 -I/usr/include/libpng16 -I/usr/include/glib-2.0 -I/usr/lib/x86_64-linux-gnu/glib-2.0/include -I/usr/include/sysprof-6 -pthread  -I/usr/local/include  -I/usr/include/freetype2 -I/usr/include/libpng16 '
CORETEXT_FALSE=''
CORETEXT_TRUE='#'
CPPFLAGS=''
CSCOPE='cscope'
CTAGS='ctags'
CYGPATH_W='echo'
DEFS='-DHAVE_CONFIG_H'
DEPDIR='.deps'
DIRECTWRITE_FALSE=''
DIRECTWRITE_TRUE='#'
DLLTOOL='false'
DSYMUTIL=''
DUMPBIN=''
ECHO_C=''
ECHO_N='-n'
ECHO_T=''
EGREP='/usr/bin/grep -E'
ENABLE_CHECKASM_FALSE='#'
ENABLE_CHECKASM_TRUE=''
ENABLE_COMPARE_FALSE=''
ENABLE_COMPARE_TRUE='#'
ENABLE_FUZZ_FALSE=''
ENABLE_FUZZ_TRUE='#'
ENABLE_LARGE_TILES_FALSE=''
ENABLE_LARGE_TILES_TRUE='#'
ENABLE_PROFILE_FALSE=''
ENABLE_PROFILE_TRUE='#'
ENABLE_TEST_FALSE=''
ENABLE_TEST_TRUE='#'
ETAGS='etags'
EXEEXT=''
FGREP='/usr/bin/grep -F'
FILECMD='file'
FONTCONFIG_CFLAGS='-I/usr/include/freetype2 -I/usr/include/libpng16 '
FONTCONFIG_FALSE='#'
FONTCONFIG_LIBS='-lfontconfig -lfreetype '
FONTCONFIG_TRUE=''
FREETYPE_CFLAGS='-I/usr/include/freetype2 -I/usr/include/libpng16 '
FREETYPE_LIBS='-lfreetype '
FRIBIDI_CFLAGS='-I/usr/include/fribidi '
FRIBIDI_LIBS='-lfribidi '
FUZZ_CPPFLAGS='-DASS_FUZZMODE=0'
FUZZ_LDFLAGS=''
GREP='/usr/bin/grep'
HARFBUZZ_CFLAGS='-I/usr/include/harfbuzz -I/usr/include/freetype2 -I/usr/include/libpng16 -I/usr/include/glib-2.0 -I/usr/lib/x86_64-linux-gnu/glib-2.0/include -I/usr/include/sysprof-6 -pthread '
HARFBUZZ_LIBS='-lharfbuzz '
INSTALL_DATA='${INSTALL} -m 644'
INSTALL_PROGRAM='${INSTALL}'
INSTALL_SCRIPT='${INSTALL}'
INSTALL_STRIP_PROGRAM='$(install_sh) -c -s'
LD='/usr/bin/ld -m elf_x86_64'
LDFLAGS=''
LIBOBJS=''
LIBPNG_CFLAGS=''
LIBPNG_LIBS=''
LIBS='-lm  -lfreetype  -lfribidi  -lharfbuzz  -L/usr/local/lib -lunibreak  -lfontconfig -lfreetype '
LIBTOOL='$(SHELL) $(top_builddir)/libtool'
LIBUNIBREAK_CFLAGS='-I/usr/local/include '
LIBUNIBREAK_LIBS='-L/usr/local/lib -lunibreak '
LIPO=''
LN_S='ln -s'
LTLIBOBJS=''
LT_SYS_LIBRARY_PATH=''
MAKEINFO='${SHELL} '\''/libass/missing'\'' makeinfo'
MANIFEST_TOOL=':'
MKDIR_P='/usr/bin/mkdir -p'
NM='/usr/bin/nm -B'
NMEDIT=''
OBJDUMP='objdump'
OBJEXT='o'
OTOOL64=''
OTOOL=''
PACKAGE='libass'
PACKAGE_BUGREPORT=''
PACKAGE_NAME='libass'
PACKAGE_STRING='libass 0.17.4'
PACKAGE_TARNAME='libass'
PACKAGE_URL=''
PACKAGE_VERSION='0.17.4'
PATH_SEPARATOR=':'
PKG_CONFIG='/usr/bin/pkg-config'
PKG_CONFIG_LIBDIR=''
PKG_CONFIG_PATH=''
PKG_LIBS_PRIVATE='-lm '
PKG_LIBS_PUBLIC=''
PKG_REQUIRES_PRIVATE='fontconfig >= 2.10.92, libunibreak >= 1.1, harfbuzz >= 1.2.3, fribidi >= 0.19.1, freetype2 >= 9.17.3'
PKG_REQUIRES_PUBLIC=''
RANLIB='ranlib'
SED='/usr/bin/sed'
SET_MAKE=''
SHELL='/bin/bash'
STRIP='strip'
VERSION='0.17.4'
X86_64_FALSE='#'
X86_64_TRUE=''
X86_FALSE='#'
X86_TRUE=''
ac_ct_AR='ar'
ac_ct_CC='gcc'
ac_ct_DUMPBIN=''
am__EXEEXT_FALSE=''
am__EXEEXT_TRUE='#'
am__fastdepCCAS_FALSE='#'
am__fastdepCCAS_TRUE=''
am__fastdepCC_FALSE='#'
am__fastdepCC_TRUE=''
am__include='include'
am__isrc=''
am__leading_dot='.'
am__nodep='_no'
am__quote=''
am__rm_f_notfound=''
am__tar='$${TAR-tar} chof - "$$tardir"'
am__untar='$${TAR-tar} xf -'
am__xargs_n='xargs -n'
bindir='${exec_prefix}/bin'
build='x86_64-pc-linux-gnu'
build_alias=''
build_cpu='x86_64'
build_os='linux-gnu'
build_vendor='pc'
datadir='${datarootdir}'
datarootdir='${prefix}/share'
docdir='${datarootdir}/doc/${PACKAGE_TARNAME}'
dvidir='${docdir}'
exec_prefix='${prefix}'
git_bin='/usr/bin/git'
host='x86_64-pc-linux-gnu'
host_alias=''
host_cpu='x86_64'
host_os='linux-gnu'
host_vendor='pc'
htmldir='${docdir}'
includedir='${prefix}/include'
infodir='${datarootdir}/info'
install_sh='${SHELL} /libass/install-sh'
libdir='${exec_prefix}/lib'
libexecdir='${exec_prefix}/libexec'
localedir='${datarootdir}/locale'
localstatedir='${prefix}/var'
mandir='${datarootdir}/man'
mkdir_p='$(MKDIR_P)'
nasm_check='yes'
oldincludedir='/usr/include'
pdfdir='${docdir}'
prefix='/usr/local'
program_transform_name='s,x,x,'
psdir='${docdir}'
runstatedir='${localstatedir}/run'
sbindir='${exec_prefix}/sbin'
sharedstatedir='${prefix}/com'
sysconfdir='${prefix}/etc'
target_alias=''

## ----------- ##
## confdefs.h. ##
## ----------- ##

/* confdefs.h */
#define PACKAGE_NAME "libass"
#define PACKAGE_TARNAME "libass"
#define PACKAGE_VERSION "0.17.4"
#define PACKAGE_STRING "libass 0.17.4"
#define PACKAGE_BUGREPORT ""
#define PACKAGE_URL ""
#define PACKAGE "libass"
#define VERSION "0.17.4"
#define HAVE_STDIO_H 1
#define HAVE_STDLIB_H 1
#define HAVE_STRING_H 1
#define HAVE_INTTYPES_H 1
#define HAVE_STDINT_H 1
#define HAVE_STRINGS_H 1
#define HAVE_SYS_STAT_H 1
#define HAVE_SYS_TYPES_H 1
#define HAVE_UNISTD_H 1
#define HAVE_ICONV_H 1
#define STDC_HEADERS 1
#define HAVE_DLFCN_H 1
#define LT_OBJDIR ".libs/"
#define HAVE_STRDUP 1
#define HAVE_STRNDUP 1
#define CONFIG_ICONV 1
#define CONFIG_UNIBREAK 1
#define CONFIG_FONTCONFIG 1
#define CONFIG_ASM 1
#define ARCH_X86 1
#define ARCH_X86_64 1
#define CONFIG_LARGE_TILES 0
#define CONFIG_SOURCEVERSION "commit: 0.17.4-21-gfadc390583f24eb5cf98f16925fd3adee50bca88"

configure: exit 0
